Performing C SOURCE FILE Test CMAKE_HAVE_LIBC_PTHREAD failed with the following output:
Change Dir: /home/ziyan/Yolov5_DeepSort_Pytorch_ros/build/CMakeFiles/CMakeTmp

Run Build Command(s):/usr/bin/make cmTC_ced5c/fast && /usr/bin/make -f CMakeFiles/cmTC_ced5c.dir/build.make CMakeFiles/cmTC_ced5c.dir/build
make[1]: Entering directory '/home/ziyan/Yolov5_DeepSort_Pytorch_ros/build/CMakeFiles/CMakeTmp'
Building C object CMakeFiles/cmTC_ced5c.dir/src.c.o
/usr/bin/cc   -DCMAKE_HAVE_LIBC_PTHREAD   -o CMakeFiles/cmTC_ced5c.dir/src.c.o   -c /home/ziyan/Yolov5_DeepSort_Pytorch_ros/build/CMakeFiles/CMakeTmp/src.c
Linking C executable cmTC_ced5c
/usr/bin/cmake -E cmake_link_script CMakeFiles/cmTC_ced5c.dir/link.txt --verbose=1
/usr/bin/cc  -DCMAKE_HAVE_LIBC_PTHREAD    -rdynamic CMakeFiles/cmTC_ced5c.dir/src.c.o  -o cmTC_ced5c 
/usr/bin/ld: CMakeFiles/cmTC_ced5c.dir/src.c.o: in function `main':
src.c:(.text+0x46): undefined reference to `pthread_create'
/usr/bin/ld: src.c:(.text+0x52): undefined reference to `pthread_detach'
/usr/bin/ld: src.c:(.text+0x63): undefined reference to `pthread_join'
collect2: error: ld returned 1 exit status
make[1]: *** [CMakeFiles/cmTC_ced5c.dir/build.make:87: cmTC_ced5c] Error 1
make[1]: Leaving directory '/home/ziyan/Yolov5_DeepSort_Pytorch_ros/build/CMakeFiles/CMakeTmp'
make: *** [Makefile:121: cmTC_ced5c/fast] Error 2


Source file was:
#include <pthread.h>

void* test_func(void* data)
{
  return data;
}

int main(void)
{
  pthread_t thread;
  pthread_create(&thread, NULL, test_func, NULL);
  pthread_detach(thread);
  pthread_join(thread, NULL);
  pthread_atfork(NULL, NULL, NULL);
  pthread_exit(NULL);

  return 0;
}

Determining if the function pthread_create exists in the pthreads failed with the following output:
Change Dir: /home/ziyan/Yolov5_DeepSort_Pytorch_ros/build/CMakeFiles/CMakeTmp

Run Build Command(s):/usr/bin/make cmTC_fae52/fast && /usr/bin/make -f CMakeFiles/cmTC_fae52.dir/build.make CMakeFiles/cmTC_fae52.dir/build
make[1]: Entering directory '/home/ziyan/Yolov5_DeepSort_Pytorch_ros/build/CMakeFiles/CMakeTmp'
Building C object CMakeFiles/cmTC_fae52.dir/CheckFunctionExists.c.o
/usr/bin/cc   -DCHECK_FUNCTION_EXISTS=pthread_create   -o CMakeFiles/cmTC_fae52.dir/CheckFunctionExists.c.o   -c /usr/share/cmake-3.16/Modules/CheckFunctionExists.c
Linking C executable cmTC_fae52
/usr/bin/cmake -E cmake_link_script CMakeFiles/cmTC_fae52.dir/link.txt --verbose=1
/usr/bin/cc  -DCHECK_FUNCTION_EXISTS=pthread_create    -rdynamic CMakeFiles/cmTC_fae52.dir/CheckFunctionExists.c.o  -o cmTC_fae52  -lpthreads 
/usr/bin/ld: cannot find -lpthreads
collect2: error: ld returned 1 exit status
make[1]: *** [CMakeFiles/cmTC_fae52.dir/build.make:87: cmTC_fae52] Error 1
make[1]: Leaving directory '/home/ziyan/Yolov5_DeepSort_Pytorch_ros/build/CMakeFiles/CMakeTmp'
make: *** [Makefile:121: cmTC_fae52/fast] Error 2



Performing C SOURCE FILE Test CMAKE_HAVE_LIBC_PTHREAD failed with the following output:
Change Dir: /home/ziyan/Yolov5_DeepSort_Pytorch_ros/build/CMakeFiles/CMakeTmp

Run Build Command(s):/usr/bin/make cmTC_e3935/fast && make[1]: Entering directory '/home/ziyan/Yolov5_DeepSort_Pytorch_ros/build/CMakeFiles/CMakeTmp'
/usr/bin/make -f CMakeFiles/cmTC_e3935.dir/build.make CMakeFiles/cmTC_e3935.dir/build
make[2]: Entering directory '/home/ziyan/Yolov5_DeepSort_Pytorch_ros/build/CMakeFiles/CMakeTmp'
Building C object CMakeFiles/cmTC_e3935.dir/src.c.o
/usr/bin/cc   -DCMAKE_HAVE_LIBC_PTHREAD   -o CMakeFiles/cmTC_e3935.dir/src.c.o   -c /home/ziyan/Yolov5_DeepSort_Pytorch_ros/build/CMakeFiles/CMakeTmp/src.c
Linking C executable cmTC_e3935
/usr/bin/cmake -E cmake_link_script CMakeFiles/cmTC_e3935.dir/link.txt --verbose=1
/usr/bin/cc  -DCMAKE_HAVE_LIBC_PTHREAD    -rdynamic CMakeFiles/cmTC_e3935.dir/src.c.o  -o cmTC_e3935 
/usr/bin/ld: CMakeFiles/cmTC_e3935.dir/src.c.o: in function `main':
src.c:(.text+0x46): undefined reference to `pthread_create'
/usr/bin/ld: src.c:(.text+0x52): undefined reference to `pthread_detach'
/usr/bin/ld: src.c:(.text+0x63): undefined reference to `pthread_join'
collect2: error: ld returned 1 exit status
make[2]: *** [CMakeFiles/cmTC_e3935.dir/build.make:87: cmTC_e3935] Error 1
make[2]: Leaving directory '/home/ziyan/Yolov5_DeepSort_Pytorch_ros/build/CMakeFiles/CMakeTmp'
make[1]: *** [Makefile:121: cmTC_e3935/fast] Error 2
make[1]: Leaving directory '/home/ziyan/Yolov5_DeepSort_Pytorch_ros/build/CMakeFiles/CMakeTmp'


Source file was:
#include <pthread.h>

void* test_func(void* data)
{
  return data;
}

int main(void)
{
  pthread_t thread;
  pthread_create(&thread, NULL, test_func, NULL);
  pthread_detach(thread);
  pthread_join(thread, NULL);
  pthread_atfork(NULL, NULL, NULL);
  pthread_exit(NULL);

  return 0;
}

Determining if the function pthread_create exists in the pthreads failed with the following output:
Change Dir: /home/ziyan/Yolov5_DeepSort_Pytorch_ros/build/CMakeFiles/CMakeTmp

Run Build Command(s):/usr/bin/make cmTC_2c0cb/fast && make[1]: Entering directory '/home/ziyan/Yolov5_DeepSort_Pytorch_ros/build/CMakeFiles/CMakeTmp'
/usr/bin/make -f CMakeFiles/cmTC_2c0cb.dir/build.make CMakeFiles/cmTC_2c0cb.dir/build
make[2]: Entering directory '/home/ziyan/Yolov5_DeepSort_Pytorch_ros/build/CMakeFiles/CMakeTmp'
Building C object CMakeFiles/cmTC_2c0cb.dir/CheckFunctionExists.c.o
/usr/bin/cc   -DCHECK_FUNCTION_EXISTS=pthread_create   -o CMakeFiles/cmTC_2c0cb.dir/CheckFunctionExists.c.o   -c /usr/share/cmake-3.16/Modules/CheckFunctionExists.c
Linking C executable cmTC_2c0cb
/usr/bin/cmake -E cmake_link_script CMakeFiles/cmTC_2c0cb.dir/link.txt --verbose=1
/usr/bin/cc  -DCHECK_FUNCTION_EXISTS=pthread_create    -rdynamic CMakeFiles/cmTC_2c0cb.dir/CheckFunctionExists.c.o  -o cmTC_2c0cb  -lpthreads 
/usr/bin/ld: cannot find -lpthreads
collect2: error: ld returned 1 exit status
make[2]: *** [CMakeFiles/cmTC_2c0cb.dir/build.make:87: cmTC_2c0cb] Error 1
make[2]: Leaving directory '/home/ziyan/Yolov5_DeepSort_Pytorch_ros/build/CMakeFiles/CMakeTmp'
make[1]: *** [Makefile:121: cmTC_2c0cb/fast] Error 2
make[1]: Leaving directory '/home/ziyan/Yolov5_DeepSort_Pytorch_ros/build/CMakeFiles/CMakeTmp'



